<?xml version="1.0" encoding="UTF-8"?>
<testsuite xmlns:xsi="http://www.w3.org/2001/XMLSchema-instance" xsi:noNamespaceSchemaLocation="https://maven.apache.org/surefire/maven-surefire-plugin/xsd/surefire-test-report.xsd" name="TestSuite" time="10.323" tests="2" errors="0" skipped="0" failures="0">
  <properties>
[...]
</properties>
  <testcase name="verify_valid_login" classname="com.TestCases.LoginAppService" time="3.317"/>
  <testcase name="verify_Invalid_login" classname="com.TestCases.LoginAppService" time="1.333"/>
</testsuite>