<?xml version="1.0" encoding="UTF-8"?>
<testng-results ignored="0" total="2" passed="2" failed="0" skipped="0">
  <reporter-output>
  </reporter-output>
  <suite started-at="2021-10-26T21:41:39 IST" name="Suite" finished-at="2021-10-26T21:41:48 IST" duration-ms="9559">
    <groups>
    </groups>
    <test started-at="2021-10-26T21:41:39 IST" name="Test1" finished-at="2021-10-26T21:41:48 IST" duration-ms="9559">
      <class name="com.TestCases.LoginAppService">
        <test-method is-config="true" signature="setupsuite()[pri:0, instance:com.TestCases.LoginAppService@776b83cc]" started-at="2021-10-26T21:41:39 IST" name="setupsuite" finished-at="2021-10-26T21:41:39 IST" duration-ms="13" status="PASS">
          <reporter-output>
          </reporter-output>
        </test-method> <!-- setupsuite -->
        <test-method is-config="true" signature="startBrowser()[pri:0, instance:com.TestCases.LoginAppService@776b83cc]" started-at="2021-10-26T21:41:39 IST" name="startBrowser" finished-at="2021-10-26T21:41:43 IST" duration-ms="4672" status="PASS">
          <reporter-output>
          </reporter-output>
        </test-method> <!-- startBrowser -->
        <test-method signature="verify_valid_login(java.lang.String,java.lang.String)[pri:1, instance:com.TestCases.LoginAppService@776b83cc]" started-at="2021-10-26T21:41:43 IST" name="verify_valid_login" description="verify valid login" finished-at="2021-10-26T21:41:47 IST" duration-ms="3317" status="PASS">
          <params>
            <param index="0">
              <value>
                <![CDATA[qatrainer]]>
              </value>
            </param>
            <param index="1">
              <value>
                <![CDATA[admin123]]>
              </value>
            </param>
          </params>
          <reporter-output>
          </reporter-output>
        </test-method> <!-- verify_valid_login -->
        <test-method signature="verify_Invalid_login()[pri:2, instance:com.TestCases.LoginAppService@776b83cc]" started-at="2021-10-26T21:41:47 IST" name="verify_Invalid_login" description="verify Invalid login" finished-at="2021-10-26T21:41:48 IST" duration-ms="1323" status="PASS">
          <reporter-output>
          </reporter-output>
        </test-method> <!-- verify_Invalid_login -->
        <test-method is-config="true" signature="closeTest()[pri:0, instance:com.TestCases.LoginAppService@776b83cc]" started-at="2021-10-26T21:41:48 IST" name="closeTest" finished-at="2021-10-26T21:41:48 IST" duration-ms="172" status="PASS">
          <reporter-output>
          </reporter-output>
        </test-method> <!-- closeTest -->
      </class> <!-- com.TestCases.LoginAppService -->
    </test> <!-- Test1 -->
  </suite> <!-- Suite -->
</testng-results>
