<?xml version="1.0" encoding="UTF-8"?>
<testng-results ignored="0" total="1" passed="1" failed="0" skipped="0">
  <reporter-output>
  </reporter-output>
  <suite started-at="2021-10-27T21:21:24 IST" name="Suite" finished-at="2021-10-27T21:21:43 IST" duration-ms="19195">
    <groups>
      <group name="cucumber">
        <method signature="AbstractTestNGCucumberTests.runScenario(io.cucumber.testng.PickleWrapper,io.cucumber.testng.FeatureWrapper)[pri:0, instance:com.Cucumber_Project.TestRunner@194bcebf]" name="runScenario" class="io.cucumber.testng.AbstractTestNGCucumberTests"/>
      </group> <!-- cucumber -->
    </groups>
    <test started-at="2021-10-27T21:21:24 IST" name="CucumberTest" finished-at="2021-10-27T21:21:43 IST" duration-ms="19195">
      <class name="com.Cucumber_Project.TestRunner">
        <test-method is-config="true" signature="setUpClass()[pri:0, instance:com.Cucumber_Project.TestRunner@194bcebf]" started-at="2021-10-27T21:21:24 IST" name="setUpClass" finished-at="2021-10-27T21:21:24 IST" duration-ms="465" status="PASS">
          <reporter-output>
          </reporter-output>
        </test-method> <!-- setUpClass -->
        <test-method signature="runScenario(io.cucumber.testng.PickleWrapper,io.cucumber.testng.FeatureWrapper)[pri:0, instance:com.Cucumber_Project.TestRunner@194bcebf]" started-at="2021-10-27T21:21:24 IST" name="runScenario" description="Runs Cucumber Scenarios" data-provider="scenarios" finished-at="2021-10-27T21:21:43 IST" duration-ms="18587" status="PASS">
          <params>
            <param index="0">
              <value>
                <![CDATA["My basic contact form Test"]]>
              </value>
            </param>
            <param index="1">
              <value>
                <![CDATA["Optional[Test script for cucumber cases]"]]>
              </value>
            </param>
          </params>
          <reporter-output>
          </reporter-output>
        </test-method> <!-- runScenario -->
        <test-method is-config="true" signature="tearDownClass()[pri:0, instance:com.Cucumber_Project.TestRunner@194bcebf]" started-at="2021-10-27T21:21:43 IST" name="tearDownClass" finished-at="2021-10-27T21:21:43 IST" duration-ms="91" status="PASS">
          <reporter-output>
          </reporter-output>
        </test-method> <!-- tearDownClass -->
      </class> <!-- com.Cucumber_Project.TestRunner -->
    </test> <!-- CucumberTest -->
  </suite> <!-- Suite -->
</testng-results>
